2016-01-26 14:34:13,572 [main] INFO  org.apache.shiro.realm.AuthorizingRealm - No cache or cacheManager properties have been set.  Authorization cache cannot be obtained.
2016-01-26 14:34:13,719 [main] INFO  org.apache.shiro.cache.ehcache.EhCacheManager - Cache with name 'com.anwei.rms.common.auth.CustomRealm.authorizationCache' does not yet exist.  Creating now.
2016-01-26 14:34:13,737 [main] INFO  org.apache.shiro.cache.ehcache.EhCacheManager - Added EhCache named [com.anwei.rms.common.auth.CustomRealm.authorizationCache]
2016-01-26 14:34:14,112 [main] DEBUG com.anwei.rms.repository.UserExMapper.selectByLoginId - ==>  Preparing: select UUID, USER_NAME, PASSWORD, SALT from t_user where user_name = ? 
2016-01-26 14:34:14,131 [main] DEBUG com.anwei.rms.repository.UserExMapper.selectByLoginId - ==> Parameters: admin(String)
2016-01-26 14:34:14,141 [main] DEBUG com.anwei.rms.repository.UserExMapper.selectByLoginId - <==      Total: 0
2016-01-26 14:34:14,157 [main] DEBUG com.anwei.rms.repository.UserMapper.insert - ==>  Preparing: insert into t_user (UUID, USER_NAME, PASSWORD, SALT) values (?, ?, ?, ?) 
2016-01-26 14:34:14,158 [main] DEBUG com.anwei.rms.repository.UserMapper.insert - ==> Parameters: LJtV3LXFZ7bbK6s18DAA51(String), admin(String), 4f56f29ab0df0e8ab39842c9e0b3544bae090866(String), 064c7fad0298607b(String)
2016-01-26 14:34:14,161 [main] DEBUG com.anwei.rms.repository.UserMapper.insert - <==    Updates: 1
2016-01-26 14:41:23,216 [main] INFO  org.apache.shiro.realm.AuthorizingRealm - No cache or cacheManager properties have been set.  Authorization cache cannot be obtained.
2016-01-26 14:41:23,352 [main] INFO  org.apache.shiro.cache.ehcache.EhCacheManager - Cache with name 'com.anwei.rms.common.auth.CustomRealm.authorizationCache' does not yet exist.  Creating now.
2016-01-26 14:41:23,369 [main] INFO  org.apache.shiro.cache.ehcache.EhCacheManager - Added EhCache named [com.anwei.rms.common.auth.CustomRealm.authorizationCache]
2016-01-26 14:41:38,533 [main] INFO  org.apache.shiro.realm.AuthorizingRealm - No cache or cacheManager properties have been set.  Authorization cache cannot be obtained.
2016-01-26 14:41:38,701 [main] INFO  org.apache.shiro.cache.ehcache.EhCacheManager - Cache with name 'com.anwei.rms.common.auth.CustomRealm.authorizationCache' does not yet exist.  Creating now.
2016-01-26 14:41:38,721 [main] INFO  org.apache.shiro.cache.ehcache.EhCacheManager - Added EhCache named [com.anwei.rms.common.auth.CustomRealm.authorizationCache]
2016-01-26 14:42:14,459 [main] INFO  org.apache.shiro.realm.AuthorizingRealm - No cache or cacheManager properties have been set.  Authorization cache cannot be obtained.
2016-01-26 14:42:14,620 [main] INFO  org.apache.shiro.cache.ehcache.EhCacheManager - Cache with name 'com.anwei.rms.common.auth.CustomRealm.authorizationCache' does not yet exist.  Creating now.
2016-01-26 14:42:14,638 [main] INFO  org.apache.shiro.cache.ehcache.EhCacheManager - Added EhCache named [com.anwei.rms.common.auth.CustomRealm.authorizationCache]
2016-01-26 17:28:13,261 [main] INFO  org.apache.shiro.realm.AuthorizingRealm - No cache or cacheManager properties have been set.  Authorization cache cannot be obtained.
2016-01-26 17:28:13,427 [main] INFO  org.apache.shiro.cache.ehcache.EhCacheManager - Cache with name 'com.anwei.rms.common.auth.CustomRealm.authorizationCache' does not yet exist.  Creating now.
2016-01-26 17:28:13,445 [main] INFO  org.apache.shiro.cache.ehcache.EhCacheManager - Added EhCache named [com.anwei.rms.common.auth.CustomRealm.authorizationCache]
2016-01-26 17:28:13,792 [main] DEBUG com.anwei.rms.repository.UserExMapper.selectByLoginId - ==>  Preparing: select UUID, USER_NAME, PASSWORD, SALT from t_user where user_name = ? 
2016-01-26 17:28:13,812 [main] DEBUG com.anwei.rms.repository.UserExMapper.selectByLoginId - ==> Parameters: a100488(String)
2016-01-26 17:28:13,824 [main] DEBUG com.anwei.rms.repository.UserExMapper.selectByLoginId - <==      Total: 0
2016-01-26 17:28:13,835 [main] DEBUG com.anwei.rms.repository.UserMapper.insert - ==>  Preparing: insert into t_user (UUID, USER_NAME, PASSWORD, SALT) values (?, ?, ?, ?) 
2016-01-26 17:28:13,837 [main] DEBUG com.anwei.rms.repository.UserMapper.insert - ==> Parameters: FmacKCM8qynNVVzQzyBQKy(String), a100488(String), d57d94c67a050b92bcd38fa2157b46375cb0a829(String), 662b8fdbfc4879f4d931(String)
2016-01-26 17:28:13,840 [main] DEBUG com.anwei.rms.repository.UserMapper.insert - <==    Updates: 1
2016-01-26 17:39:55,962 [main] INFO  org.apache.shiro.realm.AuthorizingRealm - No cache or cacheManager properties have been set.  Authorization cache cannot be obtained.
2016-01-26 17:39:56,139 [main] INFO  org.apache.shiro.cache.ehcache.EhCacheManager - Cache with name 'com.anwei.rms.common.auth.CustomRealm.authorizationCache' does not yet exist.  Creating now.
2016-01-26 17:39:56,158 [main] INFO  org.apache.shiro.cache.ehcache.EhCacheManager - Added EhCache named [com.anwei.rms.common.auth.CustomRealm.authorizationCache]
2016-01-26 17:41:05,042 [main] INFO  org.apache.shiro.realm.AuthorizingRealm - No cache or cacheManager properties have been set.  Authorization cache cannot be obtained.
2016-01-26 17:41:05,259 [main] INFO  org.apache.shiro.cache.ehcache.EhCacheManager - Cache with name 'com.anwei.rms.common.auth.CustomRealm.authorizationCache' does not yet exist.  Creating now.
2016-01-26 17:41:05,288 [main] INFO  org.apache.shiro.cache.ehcache.EhCacheManager - Added EhCache named [com.anwei.rms.common.auth.CustomRealm.authorizationCache]
2016-01-26 17:41:05,704 [main] DEBUG com.anwei.rms.repository.UserExMapper.selectByLoginId - ==>  Preparing: select UUID, USER_NAME, PASSWORD, SALT from t_user where user_name = ? 
2016-01-26 17:41:05,725 [main] DEBUG com.anwei.rms.repository.UserExMapper.selectByLoginId - ==> Parameters: a100488(String)
2016-01-26 17:41:05,734 [main] DEBUG com.anwei.rms.repository.UserExMapper.selectByLoginId - <==      Total: 0
2016-01-26 17:43:30,173 [main] DEBUG com.anwei.rms.repository.UserMapper.insert - ==>  Preparing: insert into t_user (UUID, USER_NAME, PASSWORD, SALT) values (?, ?, ?, ?) 
2016-01-26 17:43:30,176 [main] DEBUG com.anwei.rms.repository.UserMapper.insert - ==> Parameters: PRkwkMXooRgMcLru7BTTto(String), a100488(String), 34f59846ac8a761455650c90bf592361f7d718a7(String), 4ffe2eb968f16e3d87ff(String)
2016-01-26 17:43:30,179 [main] DEBUG com.anwei.rms.repository.UserMapper.insert - <==    Updates: 1
2016-01-26 17:43:51,848 [main] INFO  org.apache.shiro.realm.AuthorizingRealm - No cache or cacheManager properties have been set.  Authorization cache cannot be obtained.
2016-01-26 17:43:52,021 [main] INFO  org.apache.shiro.cache.ehcache.EhCacheManager - Cache with name 'com.anwei.rms.common.auth.CustomRealm.authorizationCache' does not yet exist.  Creating now.
2016-01-26 17:43:52,041 [main] INFO  org.apache.shiro.cache.ehcache.EhCacheManager - Added EhCache named [com.anwei.rms.common.auth.CustomRealm.authorizationCache]
2016-01-26 17:44:05,538 [main] INFO  org.apache.shiro.realm.AuthorizingRealm - No cache or cacheManager properties have been set.  Authorization cache cannot be obtained.
2016-01-26 17:44:05,664 [main] INFO  org.apache.shiro.cache.ehcache.EhCacheManager - Cache with name 'com.anwei.rms.common.auth.CustomRealm.authorizationCache' does not yet exist.  Creating now.
2016-01-26 17:44:05,683 [main] INFO  org.apache.shiro.cache.ehcache.EhCacheManager - Added EhCache named [com.anwei.rms.common.auth.CustomRealm.authorizationCache]
2016-01-26 17:55:33,961 [main] INFO  org.apache.shiro.realm.AuthorizingRealm - No cache or cacheManager properties have been set.  Authorization cache cannot be obtained.
2016-01-26 17:55:34,137 [main] INFO  org.apache.shiro.cache.ehcache.EhCacheManager - Cache with name 'com.anwei.rms.common.auth.CustomRealm.authorizationCache' does not yet exist.  Creating now.
2016-01-26 17:55:34,155 [main] INFO  org.apache.shiro.cache.ehcache.EhCacheManager - Added EhCache named [com.anwei.rms.common.auth.CustomRealm.authorizationCache]
2016-01-26 17:56:33,875 [main] INFO  org.apache.shiro.realm.AuthorizingRealm - No cache or cacheManager properties have been set.  Authorization cache cannot be obtained.
2016-01-26 17:56:34,024 [main] INFO  org.apache.shiro.cache.ehcache.EhCacheManager - Cache with name 'com.anwei.rms.common.auth.CustomRealm.authorizationCache' does not yet exist.  Creating now.
2016-01-26 17:56:34,041 [main] INFO  org.apache.shiro.cache.ehcache.EhCacheManager - Added EhCache named [com.anwei.rms.common.auth.CustomRealm.authorizationCache]
2016-01-26 17:56:34,399 [main] DEBUG com.anwei.rms.repository.UserExMapper.selectByLoginId - ==>  Preparing: select UUID, USER_NAME, PASSWORD, SALT from t_user where user_name = ? 
2016-01-26 17:56:34,417 [main] DEBUG com.anwei.rms.repository.UserExMapper.selectByLoginId - ==> Parameters: a100488(String)
2016-01-26 17:56:34,426 [main] DEBUG com.anwei.rms.repository.UserExMapper.selectByLoginId - <==      Total: 0
2016-01-26 17:56:34,437 [main] DEBUG com.anwei.rms.repository.UserMapper.insert - ==>  Preparing: insert into t_user (UUID, USER_NAME, PASSWORD, SALT) values (?, ?, ?, ?) 
2016-01-26 17:56:34,439 [main] DEBUG com.anwei.rms.repository.UserMapper.insert - ==> Parameters: N7DE4UpetiJ7mXXiEi79RY(String), a100488(String), d27dacac38217a41926334a48ace4299ce97e6d9(String), 6b1a15022dc2c07ebc7b(String)
2016-01-26 17:56:34,443 [main] DEBUG com.anwei.rms.repository.UserMapper.insert - <==    Updates: 1
2016-01-26 17:56:53,270 [main] INFO  org.apache.shiro.realm.AuthorizingRealm - No cache or cacheManager properties have been set.  Authorization cache cannot be obtained.
2016-01-26 17:56:53,450 [main] INFO  org.apache.shiro.cache.ehcache.EhCacheManager - Cache with name 'com.anwei.rms.common.auth.CustomRealm.authorizationCache' does not yet exist.  Creating now.
2016-01-26 17:56:53,468 [main] INFO  org.apache.shiro.cache.ehcache.EhCacheManager - Added EhCache named [com.anwei.rms.common.auth.CustomRealm.authorizationCache]
2016-01-26 17:56:53,851 [main] DEBUG com.anwei.rms.repository.UserExMapper.selectByLoginId - ==>  Preparing: select UUID, USER_NAME, PASSWORD, SALT from t_user where user_name = ? 
2016-01-26 17:56:53,870 [main] DEBUG com.anwei.rms.repository.UserExMapper.selectByLoginId - ==> Parameters: a100488(String)
2016-01-26 17:56:53,880 [main] DEBUG com.anwei.rms.repository.UserExMapper.selectByLoginId - <==      Total: 1
2016-01-26 17:58:15,054 [main] INFO  org.apache.shiro.realm.AuthorizingRealm - No cache or cacheManager properties have been set.  Authorization cache cannot be obtained.
2016-01-26 17:58:15,221 [main] INFO  org.apache.shiro.cache.ehcache.EhCacheManager - Cache with name 'com.anwei.rms.common.auth.CustomRealm.authorizationCache' does not yet exist.  Creating now.
2016-01-26 17:58:15,239 [main] INFO  org.apache.shiro.cache.ehcache.EhCacheManager - Added EhCache named [com.anwei.rms.common.auth.CustomRealm.authorizationCache]
2016-01-26 17:58:27,929 [main] INFO  org.apache.shiro.realm.AuthorizingRealm - No cache or cacheManager properties have been set.  Authorization cache cannot be obtained.
2016-01-26 17:58:28,119 [main] INFO  org.apache.shiro.cache.ehcache.EhCacheManager - Cache with name 'com.anwei.rms.common.auth.CustomRealm.authorizationCache' does not yet exist.  Creating now.
2016-01-26 17:58:28,138 [main] INFO  org.apache.shiro.cache.ehcache.EhCacheManager - Added EhCache named [com.anwei.rms.common.auth.CustomRealm.authorizationCache]
2016-01-26 18:00:52,105 [main] INFO  org.apache.shiro.realm.AuthorizingRealm - No cache or cacheManager properties have been set.  Authorization cache cannot be obtained.
2016-01-26 18:00:52,259 [main] INFO  org.apache.shiro.cache.ehcache.EhCacheManager - Cache with name 'com.anwei.rms.common.auth.CustomRealm.authorizationCache' does not yet exist.  Creating now.
2016-01-26 18:00:52,278 [main] INFO  org.apache.shiro.cache.ehcache.EhCacheManager - Added EhCache named [com.anwei.rms.common.auth.CustomRealm.authorizationCache]
2016-01-26 18:01:32,124 [main] INFO  org.apache.shiro.realm.AuthorizingRealm - No cache or cacheManager properties have been set.  Authorization cache cannot be obtained.
2016-01-26 18:01:32,285 [main] INFO  org.apache.shiro.cache.ehcache.EhCacheManager - Cache with name 'com.anwei.rms.common.auth.CustomRealm.authorizationCache' does not yet exist.  Creating now.
2016-01-26 18:01:32,303 [main] INFO  org.apache.shiro.cache.ehcache.EhCacheManager - Added EhCache named [com.anwei.rms.common.auth.CustomRealm.authorizationCache]
2016-01-26 18:01:42,281 [main] INFO  org.apache.shiro.realm.AuthorizingRealm - No cache or cacheManager properties have been set.  Authorization cache cannot be obtained.
2016-01-26 18:01:42,433 [main] INFO  org.apache.shiro.cache.ehcache.EhCacheManager - Cache with name 'com.anwei.rms.common.auth.CustomRealm.authorizationCache' does not yet exist.  Creating now.
2016-01-26 18:01:42,452 [main] INFO  org.apache.shiro.cache.ehcache.EhCacheManager - Added EhCache named [com.anwei.rms.common.auth.CustomRealm.authorizationCache]
2016-01-26 18:03:05,272 [main] INFO  org.apache.shiro.realm.AuthorizingRealm - No cache or cacheManager properties have been set.  Authorization cache cannot be obtained.
2016-01-26 18:03:05,420 [main] INFO  org.apache.shiro.cache.ehcache.EhCacheManager - Cache with name 'com.anwei.rms.common.auth.CustomRealm.authorizationCache' does not yet exist.  Creating now.
2016-01-26 18:03:05,439 [main] INFO  org.apache.shiro.cache.ehcache.EhCacheManager - Added EhCache named [com.anwei.rms.common.auth.CustomRealm.authorizationCache]
2016-01-26 18:03:05,802 [main] DEBUG com.anwei.rms.repository.UserExMapper.selectByLoginId - ==>  Preparing: select UUID, USER_NAME, PASSWORD, SALT from t_user where user_name = ? 
2016-01-26 18:03:05,819 [main] DEBUG com.anwei.rms.repository.UserExMapper.selectByLoginId - ==> Parameters: a100488(String)
2016-01-26 18:03:05,827 [main] DEBUG com.anwei.rms.repository.UserExMapper.selectByLoginId - <==      Total: 0
2016-01-26 18:03:05,840 [main] DEBUG com.anwei.rms.repository.UserMapper.insert - ==>  Preparing: insert into t_user (UUID, USER_NAME, PASSWORD, SALT) values (?, ?, ?, ?) 
2016-01-26 18:03:05,841 [main] DEBUG com.anwei.rms.repository.UserMapper.insert - ==> Parameters: 3kohaD3NFSTRd8aBrTervd(String), a100488(String), c952bab984534778a70f592c15c307ae4c021262(String), d11ea365b360c4f6fc93(String)
2016-01-26 18:03:05,844 [main] DEBUG com.anwei.rms.repository.UserMapper.insert - <==    Updates: 1
