2016-01-20 11:13:24,477 [main] INFO  org.apache.shiro.realm.AuthorizingRealm - No cache or cacheManager properties have been set.  Authorization cache cannot be obtained.
2016-01-20 11:13:24,608 [main] INFO  org.apache.shiro.cache.ehcache.EhCacheManager - Cache with name 'com.anwei.rms.common.auth.CustomRealm.authorizationCache' does not yet exist.  Creating now.
2016-01-20 11:13:24,628 [main] INFO  org.apache.shiro.cache.ehcache.EhCacheManager - Added EhCache named [com.anwei.rms.common.auth.CustomRealm.authorizationCache]
2016-01-20 11:17:07,329 [main] INFO  org.apache.shiro.realm.AuthorizingRealm - No cache or cacheManager properties have been set.  Authorization cache cannot be obtained.
2016-01-20 11:17:07,477 [main] INFO  org.apache.shiro.cache.ehcache.EhCacheManager - Cache with name 'com.anwei.rms.common.auth.CustomRealm.authorizationCache' does not yet exist.  Creating now.
2016-01-20 11:17:07,495 [main] INFO  org.apache.shiro.cache.ehcache.EhCacheManager - Added EhCache named [com.anwei.rms.common.auth.CustomRealm.authorizationCache]
2016-01-20 11:18:29,458 [main] INFO  org.apache.shiro.realm.AuthorizingRealm - No cache or cacheManager properties have been set.  Authorization cache cannot be obtained.
2016-01-20 11:18:29,625 [main] INFO  org.apache.shiro.cache.ehcache.EhCacheManager - Cache with name 'com.anwei.rms.common.auth.CustomRealm.authorizationCache' does not yet exist.  Creating now.
2016-01-20 11:18:29,645 [main] INFO  org.apache.shiro.cache.ehcache.EhCacheManager - Added EhCache named [com.anwei.rms.common.auth.CustomRealm.authorizationCache]
2016-01-20 11:18:29,975 [main] DEBUG com.anwei.rms.repository.UserExMapper.select - ==>  Preparing: select UUID, USER_NAME, PASSWORD, SALT from t_user 
2016-01-20 11:18:29,992 [main] DEBUG com.anwei.rms.repository.UserExMapper.select - ==> Parameters: 
2016-01-20 11:18:30,003 [main] DEBUG com.anwei.rms.repository.UserExMapper.select - <==      Total: 1
2016-01-20 11:19:40,171 [main] INFO  org.apache.shiro.realm.AuthorizingRealm - No cache or cacheManager properties have been set.  Authorization cache cannot be obtained.
2016-01-20 11:19:40,343 [main] INFO  org.apache.shiro.cache.ehcache.EhCacheManager - Cache with name 'com.anwei.rms.common.auth.CustomRealm.authorizationCache' does not yet exist.  Creating now.
2016-01-20 11:19:40,361 [main] INFO  org.apache.shiro.cache.ehcache.EhCacheManager - Added EhCache named [com.anwei.rms.common.auth.CustomRealm.authorizationCache]
2016-01-20 11:19:40,694 [main] DEBUG com.anwei.rms.repository.UserExMapper.select - ==>  Preparing: select UUID, USER_NAME, PASSWORD, SALT from ? 
2016-01-20 11:19:40,710 [main] DEBUG com.anwei.rms.repository.UserExMapper.select - ==> Parameters: t_user(String)
2016-01-20 11:22:51,381 [main] INFO  org.apache.shiro.realm.AuthorizingRealm - No cache or cacheManager properties have been set.  Authorization cache cannot be obtained.
2016-01-20 11:22:51,503 [main] INFO  org.apache.shiro.cache.ehcache.EhCacheManager - Cache with name 'com.anwei.rms.common.auth.CustomRealm.authorizationCache' does not yet exist.  Creating now.
2016-01-20 11:22:51,520 [main] INFO  org.apache.shiro.cache.ehcache.EhCacheManager - Added EhCache named [com.anwei.rms.common.auth.CustomRealm.authorizationCache]
2016-01-20 11:22:51,870 [main] DEBUG com.anwei.rms.repository.UserExMapper.select - ==>  Executing: select UUID, USER_NAME, PASSWORD, SALT from ? 
2016-01-20 11:23:37,863 [main] INFO  org.apache.shiro.realm.AuthorizingRealm - No cache or cacheManager properties have been set.  Authorization cache cannot be obtained.
2016-01-20 11:23:38,047 [main] INFO  org.apache.shiro.cache.ehcache.EhCacheManager - Cache with name 'com.anwei.rms.common.auth.CustomRealm.authorizationCache' does not yet exist.  Creating now.
2016-01-20 11:23:38,067 [main] INFO  org.apache.shiro.cache.ehcache.EhCacheManager - Added EhCache named [com.anwei.rms.common.auth.CustomRealm.authorizationCache]
2016-01-20 11:27:32,048 [main] INFO  org.apache.shiro.realm.AuthorizingRealm - No cache or cacheManager properties have been set.  Authorization cache cannot be obtained.
2016-01-20 11:27:32,188 [main] INFO  org.apache.shiro.cache.ehcache.EhCacheManager - Cache with name 'com.anwei.rms.common.auth.CustomRealm.authorizationCache' does not yet exist.  Creating now.
2016-01-20 11:27:32,205 [main] INFO  org.apache.shiro.cache.ehcache.EhCacheManager - Added EhCache named [com.anwei.rms.common.auth.CustomRealm.authorizationCache]
2016-01-20 11:27:32,563 [main] DEBUG com.anwei.rms.repository.UserExMapper.select - ==>  Executing: select * from t_user 
2016-01-20 11:27:32,574 [main] DEBUG com.anwei.rms.repository.UserExMapper.select - <==      Total: 1
2016-01-20 11:28:07,694 [main] INFO  org.apache.shiro.realm.AuthorizingRealm - No cache or cacheManager properties have been set.  Authorization cache cannot be obtained.
2016-01-20 11:28:07,820 [main] INFO  org.apache.shiro.cache.ehcache.EhCacheManager - Cache with name 'com.anwei.rms.common.auth.CustomRealm.authorizationCache' does not yet exist.  Creating now.
2016-01-20 11:28:07,838 [main] INFO  org.apache.shiro.cache.ehcache.EhCacheManager - Added EhCache named [com.anwei.rms.common.auth.CustomRealm.authorizationCache]
2016-01-20 11:28:08,224 [main] DEBUG com.anwei.rms.repository.UserExMapper.select - ==>  Executing: select * from t_user 
2016-01-20 11:28:08,236 [main] DEBUG com.anwei.rms.repository.UserExMapper.select - <==      Total: 1
2016-01-20 11:29:06,488 [main] INFO  org.apache.shiro.realm.AuthorizingRealm - No cache or cacheManager properties have been set.  Authorization cache cannot be obtained.
2016-01-20 11:29:06,652 [main] INFO  org.apache.shiro.cache.ehcache.EhCacheManager - Cache with name 'com.anwei.rms.common.auth.CustomRealm.authorizationCache' does not yet exist.  Creating now.
2016-01-20 11:29:06,672 [main] INFO  org.apache.shiro.cache.ehcache.EhCacheManager - Added EhCache named [com.anwei.rms.common.auth.CustomRealm.authorizationCache]
2016-01-20 11:29:07,075 [main] DEBUG com.anwei.rms.repository.UserExMapper.select - ==>  Executing: update t_user set USER_NAME=1 
2016-01-20 11:34:47,506 [main] INFO  org.apache.shiro.realm.AuthorizingRealm - No cache or cacheManager properties have been set.  Authorization cache cannot be obtained.
2016-01-20 11:34:47,701 [main] INFO  org.apache.shiro.cache.ehcache.EhCacheManager - Cache with name 'com.anwei.rms.common.auth.CustomRealm.authorizationCache' does not yet exist.  Creating now.
2016-01-20 11:34:47,719 [main] INFO  org.apache.shiro.cache.ehcache.EhCacheManager - Added EhCache named [com.anwei.rms.common.auth.CustomRealm.authorizationCache]
2016-01-20 11:34:48,074 [main] DEBUG com.anwei.rms.repository.UserExMapper.select - ==>  Executing: $_server['server_addr'] 
2016-01-20 11:35:39,515 [main] INFO  org.apache.shiro.realm.AuthorizingRealm - No cache or cacheManager properties have been set.  Authorization cache cannot be obtained.
2016-01-20 11:35:39,694 [main] INFO  org.apache.shiro.cache.ehcache.EhCacheManager - Cache with name 'com.anwei.rms.common.auth.CustomRealm.authorizationCache' does not yet exist.  Creating now.
2016-01-20 11:35:39,712 [main] INFO  org.apache.shiro.cache.ehcache.EhCacheManager - Added EhCache named [com.anwei.rms.common.auth.CustomRealm.authorizationCache]
2016-01-20 11:35:40,073 [main] DEBUG com.anwei.rms.repository.UserExMapper.select - ==>  Executing: $_server['server_addr'] 
2016-01-20 11:38:15,118 [main] INFO  org.apache.shiro.realm.AuthorizingRealm - No cache or cacheManager properties have been set.  Authorization cache cannot be obtained.
2016-01-20 11:38:15,248 [main] INFO  org.apache.shiro.cache.ehcache.EhCacheManager - Cache with name 'com.anwei.rms.common.auth.CustomRealm.authorizationCache' does not yet exist.  Creating now.
2016-01-20 11:38:15,266 [main] INFO  org.apache.shiro.cache.ehcache.EhCacheManager - Added EhCache named [com.anwei.rms.common.auth.CustomRealm.authorizationCache]
2016-01-20 11:38:15,639 [main] DEBUG com.anwei.rms.repository.UserExMapper.select - ==>  Executing: select * from mysql.user ; 
2016-01-20 11:38:15,653 [main] DEBUG com.anwei.rms.repository.UserExMapper.select - <==      Total: 2
2016-01-20 11:40:24,098 [main] INFO  org.apache.shiro.realm.AuthorizingRealm - No cache or cacheManager properties have been set.  Authorization cache cannot be obtained.
2016-01-20 11:40:24,239 [main] INFO  org.apache.shiro.cache.ehcache.EhCacheManager - Cache with name 'com.anwei.rms.common.auth.CustomRealm.authorizationCache' does not yet exist.  Creating now.
2016-01-20 11:40:24,260 [main] INFO  org.apache.shiro.cache.ehcache.EhCacheManager - Added EhCache named [com.anwei.rms.common.auth.CustomRealm.authorizationCache]
2016-01-20 11:40:24,616 [main] DEBUG com.anwei.rms.repository.UserExMapper.select - ==>  Executing: select * from mysql.user ; 
2016-01-20 11:40:24,630 [main] DEBUG com.anwei.rms.repository.UserExMapper.select - <==      Total: 2
2016-01-20 11:41:29,649 [main] INFO  org.apache.shiro.realm.AuthorizingRealm - No cache or cacheManager properties have been set.  Authorization cache cannot be obtained.
2016-01-20 11:41:29,821 [main] INFO  org.apache.shiro.cache.ehcache.EhCacheManager - Cache with name 'com.anwei.rms.common.auth.CustomRealm.authorizationCache' does not yet exist.  Creating now.
2016-01-20 11:41:29,840 [main] INFO  org.apache.shiro.cache.ehcache.EhCacheManager - Added EhCache named [com.anwei.rms.common.auth.CustomRealm.authorizationCache]
2016-01-20 11:41:30,194 [main] DEBUG com.anwei.rms.repository.UserExMapper.select - ==>  Executing: select * from mysql.user ; 
2016-01-20 11:45:32,137 [main] INFO  org.apache.shiro.realm.AuthorizingRealm - No cache or cacheManager properties have been set.  Authorization cache cannot be obtained.
2016-01-20 11:45:32,275 [main] INFO  org.apache.shiro.cache.ehcache.EhCacheManager - Cache with name 'com.anwei.rms.common.auth.CustomRealm.authorizationCache' does not yet exist.  Creating now.
2016-01-20 11:45:32,294 [main] INFO  org.apache.shiro.cache.ehcache.EhCacheManager - Added EhCache named [com.anwei.rms.common.auth.CustomRealm.authorizationCache]
2016-01-20 11:45:32,668 [main] DEBUG com.anwei.rms.repository.UserExMapper.select - ==>  Executing: select * from mysql.user ; 
2016-01-20 11:45:32,688 [main] DEBUG com.anwei.rms.repository.UserExMapper.select - <==      Total: 2
2016-01-20 15:28:09,826 [main] INFO  org.apache.shiro.realm.AuthorizingRealm - No cache or cacheManager properties have been set.  Authorization cache cannot be obtained.
2016-01-20 15:28:09,998 [main] INFO  org.apache.shiro.cache.ehcache.EhCacheManager - Cache with name 'com.anwei.rms.common.auth.CustomRealm.authorizationCache' does not yet exist.  Creating now.
2016-01-20 15:28:10,021 [main] INFO  org.apache.shiro.cache.ehcache.EhCacheManager - Added EhCache named [com.anwei.rms.common.auth.CustomRealm.authorizationCache]
2016-01-20 15:28:10,365 [main] DEBUG com.anwei.rms.repository.PermissionExMapper.selectAll - ==>  Preparing: select UUID, PERMISSION_NAME, PARENT_UUID, ORGA_RELA_INDEX, PERMISSION, IS_SYSTEM from t_permission where 1=1 
2016-01-20 15:28:10,382 [main] DEBUG com.anwei.rms.repository.PermissionExMapper.selectAll - ==> Parameters: 
2016-01-20 15:28:10,395 [main] DEBUG com.anwei.rms.repository.PermissionExMapper.selectAll - <==      Total: 3
