2016-01-15 10:16:23,108 [main] INFO  org.apache.shiro.realm.AuthorizingRealm - No cache or cacheManager properties have been set.  Authorization cache cannot be obtained.
2016-01-15 10:16:23,233 [main] INFO  org.apache.shiro.cache.ehcache.EhCacheManager - Cache with name 'com.anwei.rms.common.auth.CustomRealm.authorizationCache' does not yet exist.  Creating now.
2016-01-15 10:16:23,253 [main] INFO  org.apache.shiro.cache.ehcache.EhCacheManager - Added EhCache named [com.anwei.rms.common.auth.CustomRealm.authorizationCache]
2016-01-15 10:18:01,427 [main] INFO  org.apache.shiro.realm.AuthorizingRealm - No cache or cacheManager properties have been set.  Authorization cache cannot be obtained.
2016-01-15 10:18:01,621 [main] INFO  org.apache.shiro.cache.ehcache.EhCacheManager - Cache with name 'com.anwei.rms.common.auth.CustomRealm.authorizationCache' does not yet exist.  Creating now.
2016-01-15 10:18:01,642 [main] INFO  org.apache.shiro.cache.ehcache.EhCacheManager - Added EhCache named [com.anwei.rms.common.auth.CustomRealm.authorizationCache]
2016-01-15 10:21:55,798 [main] INFO  org.apache.shiro.realm.AuthorizingRealm - No cache or cacheManager properties have been set.  Authorization cache cannot be obtained.
2016-01-15 10:21:55,921 [main] INFO  org.apache.shiro.cache.ehcache.EhCacheManager - Cache with name 'com.anwei.rms.common.auth.CustomRealm.authorizationCache' does not yet exist.  Creating now.
2016-01-15 10:21:55,939 [main] INFO  org.apache.shiro.cache.ehcache.EhCacheManager - Added EhCache named [com.anwei.rms.common.auth.CustomRealm.authorizationCache]
2016-01-15 10:22:36,307 [main] INFO  org.apache.shiro.realm.AuthorizingRealm - No cache or cacheManager properties have been set.  Authorization cache cannot be obtained.
2016-01-15 10:22:36,433 [main] INFO  org.apache.shiro.cache.ehcache.EhCacheManager - Cache with name 'com.anwei.rms.common.auth.CustomRealm.authorizationCache' does not yet exist.  Creating now.
2016-01-15 10:22:36,449 [main] INFO  org.apache.shiro.cache.ehcache.EhCacheManager - Added EhCache named [com.anwei.rms.common.auth.CustomRealm.authorizationCache]
2016-01-15 10:22:36,840 [main] DEBUG com.anwei.rms.repository.PermissionExMapper.selectAll_COUNT - ==>  Preparing: SELECT count(*) FROM t_permission WHERE 1 = 1 
2016-01-15 10:22:36,858 [main] DEBUG com.anwei.rms.repository.PermissionExMapper.selectAll_COUNT - ==> Parameters: 
2016-01-15 10:22:36,870 [main] DEBUG com.anwei.rms.repository.PermissionExMapper.selectAll_COUNT - <==      Total: 1
2016-01-15 10:25:25,255 [main] INFO  org.apache.shiro.realm.AuthorizingRealm - No cache or cacheManager properties have been set.  Authorization cache cannot be obtained.
2016-01-15 10:25:25,382 [main] INFO  org.apache.shiro.cache.ehcache.EhCacheManager - Cache with name 'com.anwei.rms.common.auth.CustomRealm.authorizationCache' does not yet exist.  Creating now.
2016-01-15 10:25:25,399 [main] INFO  org.apache.shiro.cache.ehcache.EhCacheManager - Added EhCache named [com.anwei.rms.common.auth.CustomRealm.authorizationCache]
2016-01-15 10:25:25,804 [main] DEBUG com.anwei.rms.repository.PermissionExMapper.selectAll_COUNT - ==>  Preparing: SELECT count(*) FROM t_permission WHERE 1 = 1 
2016-01-15 10:25:25,820 [main] DEBUG com.anwei.rms.repository.PermissionExMapper.selectAll_COUNT - ==> Parameters: 
2016-01-15 10:25:25,830 [main] DEBUG com.anwei.rms.repository.PermissionExMapper.selectAll_COUNT - <==      Total: 1
2016-01-15 10:25:25,834 [main] DEBUG com.anwei.rms.repository.PermissionExMapper.selectAll - ==>  Preparing: select UUID, PERMISSION_NAME, PARENT_UUID, ORGA_RELA_INDEX, PERMISSION from t_permission where 1=1 limit ?,? 
2016-01-15 10:25:25,834 [main] DEBUG com.anwei.rms.repository.PermissionExMapper.selectAll - ==> Parameters: 0(Integer), 8(Integer)
2016-01-15 10:25:25,835 [main] DEBUG com.anwei.rms.repository.PermissionExMapper.selectAll - <==      Total: 1
